<?xml version="1.0" encoding="UTF-8"?>
<testng-results skipped="0" failed="0" total="1" passed="1">
  <reporter-output>
  </reporter-output>
  <suite name="guruShop" duration-ms="15276" started-at="2016-05-29T11:45:08Z" finished-at="2016-05-29T11:45:24Z">
    <groups>
    </groups>
    <test name="Test1" duration-ms="15276" started-at="2016-05-29T11:45:08Z" finished-at="2016-05-29T11:45:24Z">
      <class name="guru99shop.Registration">
        <test-method status="PASS" signature="setUp()[pri:0, instance:guru99shop.Registration@137cf78]" name="setUp" is-config="true" duration-ms="10117" started-at="2016-05-29T14:45:08Z" finished-at="2016-05-29T14:45:19Z">
          <reporter-output>
          </reporter-output>
        </test-method> <!-- setUp -->
        <test-method status="PASS" signature="testRegistration()[pri:0, instance:guru99shop.Registration@137cf78]" name="testRegistration" duration-ms="5138" started-at="2016-05-29T14:45:19Z" finished-at="2016-05-29T14:45:24Z">
          <reporter-output>
          </reporter-output>
        </test-method> <!-- testRegistration -->
        <test-method status="PASS" signature="tearDown()[pri:0, instance:guru99shop.Registration@137cf78]" name="tearDown" is-config="true" duration-ms="1" started-at="2016-05-29T14:45:24Z" finished-at="2016-05-29T14:45:24Z">
          <reporter-output>
          </reporter-output>
        </test-method> <!-- tearDown -->
      </class> <!-- guru99shop.Registration -->
    </test> <!-- Test1 -->
  </suite> <!-- guruShop -->
</testng-results>
